Determining if the pthread_create exist failed with the following output:
Change Dir: /home/limingzhang/Desktop/Graphics_hw1/cs171-assignment1-limzh317/Opengl_cmake_template/opengl-basic-linux/3rdLibs/glfw-3.3.2/build/CMakeFiles/CMakeTmp

Run Build Command:"/usr/bin/make" "cmTC_2f874/fast"
/usr/bin/make -f CMakeFiles/cmTC_2f874.dir/build.make CMakeFiles/cmTC_2f874.dir/build
make[1]: Entering directory '/home/limingzhang/Desktop/Graphics_hw1/cs171-assignment1-limzh317/Opengl_cmake_template/opengl-basic-linux/3rdLibs/glfw-3.3.2/build/CMakeFiles/CMakeTmp'
Building C object CMakeFiles/cmTC_2f874.dir/CheckSymbolExists.c.o
/usr/bin/cc    -o CMakeFiles/cmTC_2f874.dir/CheckSymbolExists.c.o   -c /home/limingzhang/Desktop/Graphics_hw1/cs171-assignment1-limzh317/Opengl_cmake_template/opengl-basic-linux/3rdLibs/glfw-3.3.2/build/CMakeFiles/CMakeTmp/CheckSymbolExists.c
Linking C executable cmTC_2f874
/usr/bin/cmake -E cmake_link_script CMakeFiles/cmTC_2f874.dir/link.txt --verbose=1
/usr/bin/cc      -rdynamic CMakeFiles/cmTC_2f874.dir/CheckSymbolExists.c.o  -o cmTC_2f874 
CMakeFiles/cmTC_2f874.dir/CheckSymbolExists.c.o: In function `main':
CheckSymbolExists.c:(.text+0x1b): undefined reference to `pthread_create'
collect2: error: ld returned 1 exit status
CMakeFiles/cmTC_2f874.dir/build.make:97: recipe for target 'cmTC_2f874' failed
make[1]: *** [cmTC_2f874] Error 1
make[1]: Leaving directory '/home/limingzhang/Desktop/Graphics_hw1/cs171-assignment1-limzh317/Opengl_cmake_template/opengl-basic-linux/3rdLibs/glfw-3.3.2/build/CMakeFiles/CMakeTmp'
Makefile:126: recipe for target 'cmTC_2f874/fast' failed
make: *** [cmTC_2f874/fast] Error 2

File /home/limingzhang/Desktop/Graphics_hw1/cs171-assignment1-limzh317/Opengl_cmake_template/opengl-basic-linux/3rdLibs/glfw-3.3.2/build/CMakeFiles/CMakeTmp/CheckSymbolExists.c:
/* */
#include <pthread.h>

int main(int argc, char** argv)
{
  (void)argv;
#ifndef pthread_create
  return ((int*)(&pthread_create))[argc];
#else
  (void)argc;
  return 0;
#endif
}

Determining if the function pthread_create exists in the pthreads failed with the following output:
Change Dir: /home/limingzhang/Desktop/Graphics_hw1/cs171-assignment1-limzh317/Opengl_cmake_template/opengl-basic-linux/3rdLibs/glfw-3.3.2/build/CMakeFiles/CMakeTmp

Run Build Command:"/usr/bin/make" "cmTC_b47a2/fast"
/usr/bin/make -f CMakeFiles/cmTC_b47a2.dir/build.make CMakeFiles/cmTC_b47a2.dir/build
make[1]: Entering directory '/home/limingzhang/Desktop/Graphics_hw1/cs171-assignment1-limzh317/Opengl_cmake_template/opengl-basic-linux/3rdLibs/glfw-3.3.2/build/CMakeFiles/CMakeTmp'
Building C object CMakeFiles/cmTC_b47a2.dir/CheckFunctionExists.c.o
/usr/bin/cc   -DCHECK_FUNCTION_EXISTS=pthread_create   -o CMakeFiles/cmTC_b47a2.dir/CheckFunctionExists.c.o   -c /usr/share/cmake-3.10/Modules/CheckFunctionExists.c
Linking C executable cmTC_b47a2
/usr/bin/cmake -E cmake_link_script CMakeFiles/cmTC_b47a2.dir/link.txt --verbose=1
/usr/bin/cc  -DCHECK_FUNCTION_EXISTS=pthread_create    -rdynamic CMakeFiles/cmTC_b47a2.dir/CheckFunctionExists.c.o  -o cmTC_b47a2 -lpthreads 
/usr/bin/ld: cannot find -lpthreads
collect2: error: ld returned 1 exit status
CMakeFiles/cmTC_b47a2.dir/build.make:97: recipe for target 'cmTC_b47a2' failed
make[1]: *** [cmTC_b47a2] Error 1
make[1]: Leaving directory '/home/limingzhang/Desktop/Graphics_hw1/cs171-assignment1-limzh317/Opengl_cmake_template/opengl-basic-linux/3rdLibs/glfw-3.3.2/build/CMakeFiles/CMakeTmp'
Makefile:126: recipe for target 'cmTC_b47a2/fast' failed
make: *** [cmTC_b47a2/fast] Error 2


