The system is: Windows - 10.0.16299 - AMD64
Compiling the C compiler identification source file "CMakeCCompilerId.c" succeeded.
Compiler: E:/mingw-w64/mingw64/bin/gcc.exe 
Build flags: 
Id flags:  

The output was:
0


Compilation of the C compiler identification source "CMakeCCompilerId.c" produced "a.exe"

The C compiler identification is GNU, found in "e:/MyStudyFiles/yan1 2/CG1 TA/opengl-basic/3rdLibs/glfw-3.3.2/build/CMakeFiles/3.8.1/CompilerIdC/a.exe"

Determining if the C compiler works passed with the following output:
Change Dir: e:/MyStudyFiles/yan1 2/CG1 TA/opengl-basic/3rdLibs/glfw-3.3.2/build/CMakeFiles/CMakeTmp

Run Build Command:"E:/mingw-w64/mingw64/bin/mingw32-make.exe" "cmTC_72514/fast"
E:/mingw-w64/mingw64/bin/mingw32-make.exe -f CMakeFiles\cmTC_72514.dir\build.make CMakeFiles/cmTC_72514.dir/build
mingw32-make.exe[1]: Entering directory 'e:/MyStudyFiles/yan1 2/CG1 TA/opengl-basic/3rdLibs/glfw-3.3.2/build/CMakeFiles/CMakeTmp'
Building C object CMakeFiles/cmTC_72514.dir/testCCompiler.c.obj
cd /d "E:\MyStudyFiles\yan1 2\CG1 TA\opengl-basic\3rdLibs\glfw-3.3.2\build\CMakeFiles\CMakeTmp" && E:\mingw-w64\mingw64\bin\gcc.exe    -o CMakeFiles\cmTC_72514.dir\testCCompiler.c.obj   -c "E:\MyStudyFiles\yan1 2\CG1 TA\opengl-basic\3rdLibs\glfw-3.3.2\build\CMakeFiles\CMakeTmp\testCCompiler.c"
Linking C executable cmTC_72514.exe
cd /d "E:\MyStudyFiles\yan1 2\CG1 TA\opengl-basic\3rdLibs\glfw-3.3.2\build\CMakeFiles\CMakeTmp" && "C:\Program Files\CMake\bin\cmake.exe" -E cmake_link_script CMakeFiles\cmTC_72514.dir\link.txt --verbose=1
"C:\Program Files\CMake\bin\cmake.exe" -E remove -f CMakeFiles\cmTC_72514.dir/objects.a
E:\mingw-w64\mingw64\bin\ar.exe cr CMakeFiles\cmTC_72514.dir/objects.a @CMakeFiles\cmTC_72514.dir\objects1.rsp
E:\mingw-w64\mingw64\bin\gcc.exe      -Wl,--whole-archive CMakeFiles\cmTC_72514.dir/objects.a -Wl,--no-whole-archive  -o cmTC_72514.exe -Wl,--out-implib,libcmTC_72514.dll.a -Wl,--major-image-version,0,--minor-image-version,0 @CMakeFiles\cmTC_72514.dir\linklibs.rsp
mingw32-make.exe[1]: Leaving directory 'e:/MyStudyFiles/yan1 2/CG1 TA/opengl-basic/3rdLibs/glfw-3.3.2/build/CMakeFiles/CMakeTmp'


Detecting C compiler ABI info compiled with the following output:
Change Dir: e:/MyStudyFiles/yan1 2/CG1 TA/opengl-basic/3rdLibs/glfw-3.3.2/build/CMakeFiles/CMakeTmp

Run Build Command:"E:/mingw-w64/mingw64/bin/mingw32-make.exe" "cmTC_b9c85/fast"
E:/mingw-w64/mingw64/bin/mingw32-make.exe -f CMakeFiles\cmTC_b9c85.dir\build.make CMakeFiles/cmTC_b9c85.dir/build
mingw32-make.exe[1]: Entering directory 'e:/MyStudyFiles/yan1 2/CG1 TA/opengl-basic/3rdLibs/glfw-3.3.2/build/CMakeFiles/CMakeTmp'
Building C object CMakeFiles/cmTC_b9c85.dir/CMakeCCompilerABI.c.obj
cd /d "E:\MyStudyFiles\yan1 2\CG1 TA\opengl-basic\3rdLibs\glfw-3.3.2\build\CMakeFiles\CMakeTmp" && E:\mingw-w64\mingw64\bin\gcc.exe    -o CMakeFiles\cmTC_b9c85.dir\CMakeCCompilerABI.c.obj   -c "C:\Program Files\CMake\share\cmake-3.8\Modules\CMakeCCompilerABI.c"
Linking C executable cmTC_b9c85.exe
cd /d "E:\MyStudyFiles\yan1 2\CG1 TA\opengl-basic\3rdLibs\glfw-3.3.2\build\CMakeFiles\CMakeTmp" && "C:\Program Files\CMake\bin\cmake.exe" -E cmake_link_script CMakeFiles\cmTC_b9c85.dir\link.txt --verbose=1
"C:\Program Files\CMake\bin\cmake.exe" -E remove -f CMakeFiles\cmTC_b9c85.dir/objects.a
E:\mingw-w64\mingw64\bin\ar.exe cr CMakeFiles\cmTC_b9c85.dir/objects.a @CMakeFiles\cmTC_b9c85.dir\objects1.rsp
E:\mingw-w64\mingw64\bin\gcc.exe     -v -Wl,--whole-archive CMakeFiles\cmTC_b9c85.dir/objects.a -Wl,--no-whole-archive  -o cmTC_b9c85.exe -Wl,--out-implib,libcmTC_b9c85.dll.a -Wl,--major-image-version,0,--minor-image-version,0 
Using built-in specs.
COLLECT_GCC=E:\mingw-w64\mingw64\bin\gcc.exe
COLLECT_LTO_WRAPPER=E:/mingw-w64/mingw64/bin/../libexec/gcc/x86_64-w64-mingw32/8.1.0/lto-wrapper.exe
Target: x86_64-w64-mingw32
Configured with: ../../../src/gcc-8.1.0/configure --host=x86_64-w64-mingw32 --build=x86_64-w64-mingw32 --target=x86_64-w64-mingw32 --prefix=/mingw64 --with-sysroot=/c/mingw810/x86_64-810-posix-seh-rt_v6-rev0/mingw64 --enable-shared --enable-static --disable-multilib --enable-languages=c,c++,fortran,lto --enable-libstdcxx-time=yes --enable-threads=posix --enable-libgomp --enable-libatomic --enable-lto --enable-graphite --enable-checking=release --enable-fully-dynamic-string --enable-version-specific-runtime-libs --disable-libstdcxx-pch --disable-libstdcxx-debug --enable-bootstrap --disable-rpath --disable-win32-registry --disable-nls --disable-werror --disable-symvers --with-gnu-as --with-gnu-ld --with-arch=nocona --with-tune=core2 --with-libiconv --with-system-zlib --with-gmp=/c/mingw810/prerequisites/x86_64-w64-mingw32-static --with-mpfr=/c/mingw810/prerequisites/x86_64-w64-mingw32-static --with-mpc=/c/mingw810/prerequisites/x86_64-w64-mingw32-static --with-isl=/c/mingw810/prerequisites/x86_64-w64-mingw32-static --with-pkgversion='x86_64-posix-seh-rev0, Built by MinGW-W64 project' --with-bugurl=https://sourceforge.net/projects/mingw-w64 CFLAGS='-O2 -pipe -fno-ident -I/c/mingw810/x86_64-810-posix-seh-rt_v6-rev0/mingw64/opt/include -I/c/mingw810/prerequisites/x86_64-zlib-static/include -I/c/mingw810/prerequisites/x86_64-w64-mingw32-static/include' CXXFLAGS='-O2 -pipe -fno-ident -I/c/mingw810/x86_64-810-posix-seh-rt_v6-rev0/mingw64/opt/include -I/c/mingw810/prerequisites/x86_64-zlib-static/include -I/c/mingw810/prerequisites/x86_64-w64-mingw32-static/include' CPPFLAGS=' -I/c/mingw810/x86_64-810-posix-seh-rt_v6-rev0/mingw64/opt/include -I/c/mingw810/prerequisites/x86_64-zlib-static/include -I/c/mingw810/prerequisites/x86_64-w64-mingw32-static/include' LDFLAGS='-pipe -fno-ident -L/c/mingw810/x86_64-810-posix-seh-rt_v6-rev0/mingw64/opt/lib -L/c/mingw810/prerequisites/x86_64-zlib-static/lib -L/c/mingw810/prerequisites/x86_64-w64-mingw32-static/lib '
Thread model: posix
gcc version 8.1.0 (x86_64-posix-seh-rev0, Built by MinGW-W64 project) 
COMPILER_PATH=E:/mingw-w64/mingw64/bin/../libexec/gcc/x86_64-w64-mingw32/8.1.0/;E:/mingw-w64/mingw64/bin/../libexec/gcc/;E:/mingw-w64/mingw64/bin/../lib/gcc/x86_64-w64-mingw32/8.1.0/../../../../x86_64-w64-mingw32/bin/
LIBRARY_PATH=E:/mingw-w64/mingw64/bin/../lib/gcc/x86_64-w64-mingw32/8.1.0/;E:/mingw-w64/mingw64/bin/../lib/gcc/;E:/mingw-w64/mingw64/bin/../lib/gcc/x86_64-w64-mingw32/8.1.0/../../../../x86_64-w64-mingw32/lib/../lib/;E:/mingw-w64/mingw64/bin/../lib/gcc/x86_64-w64-mingw32/8.1.0/../../../../lib/;E:/mingw-w64/mingw64/bin/../lib/gcc/x86_64-w64-mingw32/8.1.0/../../../../x86_64-w64-mingw32/lib/;E:/mingw-w64/mingw64/bin/../lib/gcc/x86_64-w64-mingw32/8.1.0/../../../
COLLECT_GCC_OPTIONS='-v' '-o' 'cmTC_b9c85.exe' '-mtune=core2' '-march=nocona'
 E:/mingw-w64/mingw64/bin/../libexec/gcc/x86_64-w64-mingw32/8.1.0/collect2.exe -plugin E:/mingw-w64/mingw64/bin/../libexec/gcc/x86_64-w64-mingw32/8.1.0/liblto_plugin-0.dll -plugin-opt=E:/mingw-w64/mingw64/bin/../libexec/gcc/x86_64-w64-mingw32/8.1.0/lto-wrapper.exe -plugin-opt=-fresolution=C:\Users\liu\AppData\Local\Temp\ccAmEQV5.res -plugin-opt=-pass-through=-lmingw32 -plugin-opt=-pass-through=-lgcc -plugin-opt=-pass-through=-lgcc_eh -plugin-opt=-pass-through=-lmoldname -plugin-opt=-pass-through=-lmingwex -plugin-opt=-pass-through=-lmsvcrt -plugin-opt=-pass-through=-lpthread -plugin-opt=-pass-through=-ladvapi32 -plugin-opt=-pass-through=-lshell32 -plugin-opt=-pass-through=-luser32 -plugin-opt=-pass-through=-lkernel32 -plugin-opt=-pass-through=-liconv -plugin-opt=-pass-through=-lmingw32 -plugin-opt=-pass-through=-lgcc -plugin-opt=-pass-through=-lgcc_eh -plugin-opt=-pass-through=-lmoldname -plugin-opt=-pass-through=-lmingwex -plugin-opt=-pass-through=-lmsvcrt --sysroot=C:/mingw810/x86_64-810-posix-seh-rt_v6-rev0/mingw64 -m i386pep -Bdynamic -o cmTC_b9c85.exe E:/mingw-w64/mingw64/bin/../lib/gcc/x86_64-w64-mingw32/8.1.0/../../../../x86_64-w64-mingw32/lib/../lib/crt2.o E:/mingw-w64/mingw64/bin/../lib/gcc/x86_64-w64-mingw32/8.1.0/crtbegin.o -LE:/mingw-w64/mingw64/bin/../lib/gcc/x86_64-w64-mingw32/8.1.0 -LE:/mingw-w64/mingw64/bin/../lib/gcc -LE:/mingw-w64/mingw64/bin/../lib/gcc/x86_64-w64-mingw32/8.1.0/../../../../x86_64-w64-mingw32/lib/../lib -LE:/mingw-w64/mingw64/bin/../lib/gcc/x86_64-w64-mingw32/8.1.0/../../../../lib -LE:/mingw-w64/mingw64/bin/../lib/gcc/x86_64-w64-mingw32/8.1.0/../../../../x86_64-w64-mingw32/lib -LE:/mingw-w64/mingw64/bin/../lib/gcc/x86_64-w64-mingw32/8.1.0/../../.. --whole-archive CMakeFiles\cmTC_b9c85.dir/objects.a --no-whole-archive --out-implib libcmTC_b9c85.dll.a --major-image-version 0 --minor-image-version 0 -lmingw32 -lgcc -lgcc_eh -lmoldname -lmingwex -lmsvcrt -lpthread -ladvapi32 -lshell32 -luser32 -lkernel32 -liconv -lmingw32 -lgcc -lgcc_eh -lmoldname -lmingwex -lmsvcrt E:/mingw-w64/mingw64/bin/../lib/gcc/x86_64-w64-mingw32/8.1.0/crtend.o
COLLECT_GCC_OPTIONS='-v' '-o' 'cmTC_b9c85.exe' '-mtune=core2' '-march=nocona'
mingw32-make.exe[1]: Leaving directory 'e:/MyStudyFiles/yan1 2/CG1 TA/opengl-basic/3rdLibs/glfw-3.3.2/build/CMakeFiles/CMakeTmp'


Parsed C implicit link information from above output:
  link line regex: [^( *|.*[/\])(ld\.exe|([^/\]+-)?ld|collect2)[^/\]*( |$)]
  ignore line: [Change Dir: e:/MyStudyFiles/yan1 2/CG1 TA/opengl-basic/3rdLibs/glfw-3.3.2/build/CMakeFiles/CMakeTmp]
  ignore line: []
  ignore line: [Run Build Command:"E:/mingw-w64/mingw64/bin/mingw32-make.exe" "cmTC_b9c85/fast"]
  ignore line: [E:/mingw-w64/mingw64/bin/mingw32-make.exe -f CMakeFiles\cmTC_b9c85.dir\build.make CMakeFiles/cmTC_b9c85.dir/build]
  ignore line: [mingw32-make.exe[1]: Entering directory 'e:/MyStudyFiles/yan1 2/CG1 TA/opengl-basic/3rdLibs/glfw-3.3.2/build/CMakeFiles/CMakeTmp']
  ignore line: [Building C object CMakeFiles/cmTC_b9c85.dir/CMakeCCompilerABI.c.obj]
  ignore line: [cd /d "E:\MyStudyFiles\yan1 2\CG1 TA\opengl-basic\3rdLibs\glfw-3.3.2\build\CMakeFiles\CMakeTmp" && E:\mingw-w64\mingw64\bin\gcc.exe    -o CMakeFiles\cmTC_b9c85.dir\CMakeCCompilerABI.c.obj   -c "C:\Program Files\CMake\share\cmake-3.8\Modules\CMakeCCompilerABI.c"]
  ignore line: [Linking C executable cmTC_b9c85.exe]
  ignore line: [cd /d "E:\MyStudyFiles\yan1 2\CG1 TA\opengl-basic\3rdLibs\glfw-3.3.2\build\CMakeFiles\CMakeTmp" && "C:\Program Files\CMake\bin\cmake.exe" -E cmake_link_script CMakeFiles\cmTC_b9c85.dir\link.txt --verbose=1]
  ignore line: ["C:\Program Files\CMake\bin\cmake.exe" -E remove -f CMakeFiles\cmTC_b9c85.dir/objects.a]
  ignore line: [E:\mingw-w64\mingw64\bin\ar.exe cr CMakeFiles\cmTC_b9c85.dir/objects.a @CMakeFiles\cmTC_b9c85.dir\objects1.rsp]
  ignore line: [E:\mingw-w64\mingw64\bin\gcc.exe     -v -Wl,--whole-archive CMakeFiles\cmTC_b9c85.dir/objects.a -Wl,--no-whole-archive  -o cmTC_b9c85.exe -Wl,--out-implib,libcmTC_b9c85.dll.a -Wl,--major-image-version,0,--minor-image-version,0 ]
  ignore line: [Using built-in specs.]
  ignore line: [COLLECT_GCC=E:\mingw-w64\mingw64\bin\gcc.exe]
  ignore line: [COLLECT_LTO_WRAPPER=E:/mingw-w64/mingw64/bin/../libexec/gcc/x86_64-w64-mingw32/8.1.0/lto-wrapper.exe]
  ignore line: [Target: x86_64-w64-mingw32]
  ignore line: [Configured with: ../../../src/gcc-8.1.0/configure --host=x86_64-w64-mingw32 --build=x86_64-w64-mingw32 --target=x86_64-w64-mingw32 --prefix=/mingw64 --with-sysroot=/c/mingw810/x86_64-810-posix-seh-rt_v6-rev0/mingw64 --enable-shared --enable-static --disable-multilib --enable-languages=c,c++,fortran,lto --enable-libstdcxx-time=yes --enable-threads=posix --enable-libgomp --enable-libatomic --enable-lto --enable-graphite --enable-checking=release --enable-fully-dynamic-string --enable-version-specific-runtime-libs --disable-libstdcxx-pch --disable-libstdcxx-debug --enable-bootstrap --disable-rpath --disable-win32-registry --disable-nls --disable-werror --disable-symvers --with-gnu-as --with-gnu-ld --with-arch=nocona --with-tune=core2 --with-libiconv --with-system-zlib --with-gmp=/c/mingw810/prerequisites/x86_64-w64-mingw32-static --with-mpfr=/c/mingw810/prerequisites/x86_64-w64-mingw32-static --with-mpc=/c/mingw810/prerequisites/x86_64-w64-mingw32-static --with-isl=/c/mingw810/prerequisites/x86_64-w64-mingw32-static --with-pkgversion='x86_64-posix-seh-rev0, Built by MinGW-W64 project' --with-bugurl=https://sourceforge.net/projects/mingw-w64 CFLAGS='-O2 -pipe -fno-ident -I/c/mingw810/x86_64-810-posix-seh-rt_v6-rev0/mingw64/opt/include -I/c/mingw810/prerequisites/x86_64-zlib-static/include -I/c/mingw810/prerequisites/x86_64-w64-mingw32-static/include' CXXFLAGS='-O2 -pipe -fno-ident -I/c/mingw810/x86_64-810-posix-seh-rt_v6-rev0/mingw64/opt/include -I/c/mingw810/prerequisites/x86_64-zlib-static/include -I/c/mingw810/prerequisites/x86_64-w64-mingw32-static/include' CPPFLAGS=' -I/c/mingw810/x86_64-810-posix-seh-rt_v6-rev0/mingw64/opt/include -I/c/mingw810/prerequisites/x86_64-zlib-static/include -I/c/mingw810/prerequisites/x86_64-w64-mingw32-static/include' LDFLAGS='-pipe -fno-ident -L/c/mingw810/x86_64-810-posix-seh-rt_v6-rev0/mingw64/opt/lib -L/c/mingw810/prerequisites/x86_64-zlib-static/lib -L/c/mingw810/prerequisites/x86_64-w64-mingw32-static/lib ']
  ignore line: [Thread model: posix]
  ignore line: [gcc version 8.1.0 (x86_64-posix-seh-rev0, Built by MinGW-W64 project) ]
  ignore line: [COMPILER_PATH=E:/mingw-w64/mingw64/bin/../libexec/gcc/x86_64-w64-mingw32/8.1.0/]
  ignore line: [E:/mingw-w64/mingw64/bin/../libexec/gcc/]
  ignore line: [E:/mingw-w64/mingw64/bin/../lib/gcc/x86_64-w64-mingw32/8.1.0/../../../../x86_64-w64-mingw32/bin/]
  ignore line: [LIBRARY_PATH=E:/mingw-w64/mingw64/bin/../lib/gcc/x86_64-w64-mingw32/8.1.0/]
  ignore line: [E:/mingw-w64/mingw64/bin/../lib/gcc/]
  ignore line: [E:/mingw-w64/mingw64/bin/../lib/gcc/x86_64-w64-mingw32/8.1.0/../../../../x86_64-w64-mingw32/lib/../lib/]
  ignore line: [E:/mingw-w64/mingw64/bin/../lib/gcc/x86_64-w64-mingw32/8.1.0/../../../../lib/]
  ignore line: [E:/mingw-w64/mingw64/bin/../lib/gcc/x86_64-w64-mingw32/8.1.0/../../../../x86_64-w64-mingw32/lib/]
  ignore line: [E:/mingw-w64/mingw64/bin/../lib/gcc/x86_64-w64-mingw32/8.1.0/../../../]
  ignore line: [COLLECT_GCC_OPTIONS='-v' '-o' 'cmTC_b9c85.exe' '-mtune=core2' '-march=nocona']
  link line: [ E:/mingw-w64/mingw64/bin/../libexec/gcc/x86_64-w64-mingw32/8.1.0/collect2.exe -plugin E:/mingw-w64/mingw64/bin/../libexec/gcc/x86_64-w64-mingw32/8.1.0/liblto_plugin-0.dll -plugin-opt=E:/mingw-w64/mingw64/bin/../libexec/gcc/x86_64-w64-mingw32/8.1.0/lto-wrapper.exe -plugin-opt=-fresolution=C:\Users\liu\AppData\Local\Temp\ccAmEQV5.res -plugin-opt=-pass-through=-lmingw32 -plugin-opt=-pass-through=-lgcc -plugin-opt=-pass-through=-lgcc_eh -plugin-opt=-pass-through=-lmoldname -plugin-opt=-pass-through=-lmingwex -plugin-opt=-pass-through=-lmsvcrt -plugin-opt=-pass-through=-lpthread -plugin-opt=-pass-through=-ladvapi32 -plugin-opt=-pass-through=-lshell32 -plugin-opt=-pass-through=-luser32 -plugin-opt=-pass-through=-lkernel32 -plugin-opt=-pass-through=-liconv -plugin-opt=-pass-through=-lmingw32 -plugin-opt=-pass-through=-lgcc -plugin-opt=-pass-through=-lgcc_eh -plugin-opt=-pass-through=-lmoldname -plugin-opt=-pass-through=-lmingwex -plugin-opt=-pass-through=-lmsvcrt --sysroot=C:/mingw810/x86_64-810-posix-seh-rt_v6-rev0/mingw64 -m i386pep -Bdynamic -o cmTC_b9c85.exe E:/mingw-w64/mingw64/bin/../lib/gcc/x86_64-w64-mingw32/8.1.0/../../../../x86_64-w64-mingw32/lib/../lib/crt2.o E:/mingw-w64/mingw64/bin/../lib/gcc/x86_64-w64-mingw32/8.1.0/crtbegin.o -LE:/mingw-w64/mingw64/bin/../lib/gcc/x86_64-w64-mingw32/8.1.0 -LE:/mingw-w64/mingw64/bin/../lib/gcc -LE:/mingw-w64/mingw64/bin/../lib/gcc/x86_64-w64-mingw32/8.1.0/../../../../x86_64-w64-mingw32/lib/../lib -LE:/mingw-w64/mingw64/bin/../lib/gcc/x86_64-w64-mingw32/8.1.0/../../../../lib -LE:/mingw-w64/mingw64/bin/../lib/gcc/x86_64-w64-mingw32/8.1.0/../../../../x86_64-w64-mingw32/lib -LE:/mingw-w64/mingw64/bin/../lib/gcc/x86_64-w64-mingw32/8.1.0/../../.. --whole-archive CMakeFiles\cmTC_b9c85.dir/objects.a --no-whole-archive --out-implib libcmTC_b9c85.dll.a --major-image-version 0 --minor-image-version 0 -lmingw32 -lgcc -lgcc_eh -lmoldname -lmingwex -lmsvcrt -lpthread -ladvapi32 -lshell32 -luser32 -lkernel32 -liconv -lmingw32 -lgcc -lgcc_eh -lmoldname -lmingwex -lmsvcrt E:/mingw-w64/mingw64/bin/../lib/gcc/x86_64-w64-mingw32/8.1.0/crtend.o]
    arg [E:/mingw-w64/mingw64/bin/../libexec/gcc/x86_64-w64-mingw32/8.1.0/collect2.exe] ==> ignore
    arg [-plugin] ==> ignore
    arg [E:/mingw-w64/mingw64/bin/../libexec/gcc/x86_64-w64-mingw32/8.1.0/liblto_plugin-0.dll] ==> ignore
    arg [-plugin-opt=E:/mingw-w64/mingw64/bin/../libexec/gcc/x86_64-w64-mingw32/8.1.0/lto-wrapper.exe] ==> ignore
    arg [-plugin-opt=-fresolution=C:\Users\liu\AppData\Local\Temp\ccAmEQV5.res] ==> ignore
    arg [-plugin-opt=-pass-through=-lmingw32] ==> ignore
    arg [-plugin-opt=-pass-through=-lgcc] ==> ignore
    arg [-plugin-opt=-pass-through=-lgcc_eh] ==> ignore
    arg [-plugin-opt=-pass-through=-lmoldname] ==> ignore
    arg [-plugin-opt=-pass-through=-lmingwex] ==> ignore
    arg [-plugin-opt=-pass-through=-lmsvcrt] ==> ignore
    arg [-plugin-opt=-pass-through=-lpthread] ==> ignore
    arg [-plugin-opt=-pass-through=-ladvapi32] ==> ignore
    arg [-plugin-opt=-pass-through=-lshell32] ==> ignore
    arg [-plugin-opt=-pass-through=-luser32] ==> ignore
    arg [-plugin-opt=-pass-through=-lkernel32] ==> ignore
    arg [-plugin-opt=-pass-through=-liconv] ==> ignore
    arg [-plugin-opt=-pass-through=-lmingw32] ==> ignore
    arg [-plugin-opt=-pass-through=-lgcc] ==> ignore
    arg [-plugin-opt=-pass-through=-lgcc_eh] ==> ignore
    arg [-plugin-opt=-pass-through=-lmoldname] ==> ignore
    arg [-plugin-opt=-pass-through=-lmingwex] ==> ignore
    arg [-plugin-opt=-pass-through=-lmsvcrt] ==> ignore
    arg [--sysroot=C:/mingw810/x86_64-810-posix-seh-rt_v6-rev0/mingw64] ==> ignore
    arg [-m] ==> ignore
    arg [i386pep] ==> ignore
    arg [-Bdynamic] ==> ignore
    arg [-o] ==> ignore
    arg [cmTC_b9c85.exe] ==> ignore
    arg [E:/mingw-w64/mingw64/bin/../lib/gcc/x86_64-w64-mingw32/8.1.0/../../../../x86_64-w64-mingw32/lib/../lib/crt2.o] ==> ignore
    arg [E:/mingw-w64/mingw64/bin/../lib/gcc/x86_64-w64-mingw32/8.1.0/crtbegin.o] ==> ignore
    arg [-LE:/mingw-w64/mingw64/bin/../lib/gcc/x86_64-w64-mingw32/8.1.0] ==> dir [E:/mingw-w64/mingw64/bin/../lib/gcc/x86_64-w64-mingw32/8.1.0]
    arg [-LE:/mingw-w64/mingw64/bin/../lib/gcc] ==> dir [E:/mingw-w64/mingw64/bin/../lib/gcc]
    arg [-LE:/mingw-w64/mingw64/bin/../lib/gcc/x86_64-w64-mingw32/8.1.0/../../../../x86_64-w64-mingw32/lib/../lib] ==> dir [E:/mingw-w64/mingw64/bin/../lib/gcc/x86_64-w64-mingw32/8.1.0/../../../../x86_64-w64-mingw32/lib/../lib]
    arg [-LE:/mingw-w64/mingw64/bin/../lib/gcc/x86_64-w64-mingw32/8.1.0/../../../../lib] ==> dir [E:/mingw-w64/mingw64/bin/../lib/gcc/x86_64-w64-mingw32/8.1.0/../../../../lib]
    arg [-LE:/mingw-w64/mingw64/bin/../lib/gcc/x86_64-w64-mingw32/8.1.0/../../../../x86_64-w64-mingw32/lib] ==> dir [E:/mingw-w64/mingw64/bin/../lib/gcc/x86_64-w64-mingw32/8.1.0/../../../../x86_64-w64-mingw32/lib]
    arg [-LE:/mingw-w64/mingw64/bin/../lib/gcc/x86_64-w64-mingw32/8.1.0/../../..] ==> dir [E:/mingw-w64/mingw64/bin/../lib/gcc/x86_64-w64-mingw32/8.1.0/../../..]
    arg [--whole-archive] ==> ignore
    arg [CMakeFiles\cmTC_b9c85.dir/objects.a] ==> ignore
    arg [--no-whole-archive] ==> ignore
    arg [--out-implib] ==> ignore
    arg [libcmTC_b9c85.dll.a] ==> ignore
    arg [--major-image-version] ==> ignore
    arg [0] ==> ignore
    arg [--minor-image-version] ==> ignore
    arg [0] ==> ignore
    arg [-lmingw32] ==> lib [mingw32]
    arg [-lgcc] ==> lib [gcc]
    arg [-lgcc_eh] ==> lib [gcc_eh]
    arg [-lmoldname] ==> lib [moldname]
    arg [-lmingwex] ==> lib [mingwex]
    arg [-lmsvcrt] ==> lib [msvcrt]
    arg [-lpthread] ==> lib [pthread]
    arg [-ladvapi32] ==> lib [advapi32]
    arg [-lshell32] ==> lib [shell32]
    arg [-luser32] ==> lib [user32]
    arg [-lkernel32] ==> lib [kernel32]
    arg [-liconv] ==> lib [iconv]
    arg [-lmingw32] ==> lib [mingw32]
    arg [-lgcc] ==> lib [gcc]
    arg [-lgcc_eh] ==> lib [gcc_eh]
    arg [-lmoldname] ==> lib [moldname]
    arg [-lmingwex] ==> lib [mingwex]
    arg [-lmsvcrt] ==> lib [msvcrt]
    arg [E:/mingw-w64/mingw64/bin/../lib/gcc/x86_64-w64-mingw32/8.1.0/crtend.o] ==> ignore
  remove lib [gcc]
  remove lib [gcc_eh]
  remove lib [gcc]
  remove lib [gcc_eh]
  collapse library dir [E:/mingw-w64/mingw64/bin/../lib/gcc/x86_64-w64-mingw32/8.1.0] ==> [E:/mingw-w64/mingw64/lib/gcc/x86_64-w64-mingw32/8.1.0]
  collapse library dir [E:/mingw-w64/mingw64/bin/../lib/gcc] ==> [E:/mingw-w64/mingw64/lib/gcc]
  collapse library dir [E:/mingw-w64/mingw64/bin/../lib/gcc/x86_64-w64-mingw32/8.1.0/../../../../x86_64-w64-mingw32/lib/../lib] ==> [E:/mingw-w64/mingw64/x86_64-w64-mingw32/lib]
  collapse library dir [E:/mingw-w64/mingw64/bin/../lib/gcc/x86_64-w64-mingw32/8.1.0/../../../../lib] ==> [E:/mingw-w64/mingw64/lib]
  collapse library dir [E:/mingw-w64/mingw64/bin/../lib/gcc/x86_64-w64-mingw32/8.1.0/../../../../x86_64-w64-mingw32/lib] ==> [E:/mingw-w64/mingw64/x86_64-w64-mingw32/lib]
  collapse library dir [E:/mingw-w64/mingw64/bin/../lib/gcc/x86_64-w64-mingw32/8.1.0/../../..] ==> [E:/mingw-w64/mingw64/lib]
  implicit libs: [mingw32;moldname;mingwex;msvcrt;pthread;advapi32;shell32;user32;kernel32;iconv;mingw32;moldname;mingwex;msvcrt]
  implicit dirs: [E:/mingw-w64/mingw64/lib/gcc/x86_64-w64-mingw32/8.1.0;E:/mingw-w64/mingw64/lib/gcc;E:/mingw-w64/mingw64/x86_64-w64-mingw32/lib;E:/mingw-w64/mingw64/lib]
  implicit fwks: []




Detecting C [-std=c11] compiler features compiled with the following output:
Change Dir: e:/MyStudyFiles/yan1 2/CG1 TA/opengl-basic/3rdLibs/glfw-3.3.2/build/CMakeFiles/CMakeTmp

Run Build Command:"E:/mingw-w64/mingw64/bin/mingw32-make.exe" "cmTC_e3d91/fast"
E:/mingw-w64/mingw64/bin/mingw32-make.exe -f CMakeFiles\cmTC_e3d91.dir\build.make CMakeFiles/cmTC_e3d91.dir/build
mingw32-make.exe[1]: Entering directory 'e:/MyStudyFiles/yan1 2/CG1 TA/opengl-basic/3rdLibs/glfw-3.3.2/build/CMakeFiles/CMakeTmp'
Building C object CMakeFiles/cmTC_e3d91.dir/feature_tests.c.obj
cd /d "E:\MyStudyFiles\yan1 2\CG1 TA\opengl-basic\3rdLibs\glfw-3.3.2\build\CMakeFiles\CMakeTmp" && E:\mingw-w64\mingw64\bin\gcc.exe   -std=c11 -o CMakeFiles\cmTC_e3d91.dir\feature_tests.c.obj   -c "E:\MyStudyFiles\yan1 2\CG1 TA\opengl-basic\3rdLibs\glfw-3.3.2\build\CMakeFiles\feature_tests.c"
Linking C executable cmTC_e3d91.exe
cd /d "E:\MyStudyFiles\yan1 2\CG1 TA\opengl-basic\3rdLibs\glfw-3.3.2\build\CMakeFiles\CMakeTmp" && "C:\Program Files\CMake\bin\cmake.exe" -E cmake_link_script CMakeFiles\cmTC_e3d91.dir\link.txt --verbose=1
"C:\Program Files\CMake\bin\cmake.exe" -E remove -f CMakeFiles\cmTC_e3d91.dir/objects.a
E:\mingw-w64\mingw64\bin\ar.exe cr CMakeFiles\cmTC_e3d91.dir/objects.a @CMakeFiles\cmTC_e3d91.dir\objects1.rsp
E:\mingw-w64\mingw64\bin\gcc.exe      -Wl,--whole-archive CMakeFiles\cmTC_e3d91.dir/objects.a -Wl,--no-whole-archive  -o cmTC_e3d91.exe -Wl,--out-implib,libcmTC_e3d91.dll.a -Wl,--major-image-version,0,--minor-image-version,0 @CMakeFiles\cmTC_e3d91.dir\linklibs.rsp
mingw32-make.exe[1]: Leaving directory 'e:/MyStudyFiles/yan1 2/CG1 TA/opengl-basic/3rdLibs/glfw-3.3.2/build/CMakeFiles/CMakeTmp'


    Feature record: C_FEATURE:1c_function_prototypes
    Feature record: C_FEATURE:1c_restrict
    Feature record: C_FEATURE:1c_static_assert
    Feature record: C_FEATURE:1c_variadic_macros


Detecting C [-std=c99] compiler features compiled with the following output:
Change Dir: e:/MyStudyFiles/yan1 2/CG1 TA/opengl-basic/3rdLibs/glfw-3.3.2/build/CMakeFiles/CMakeTmp

Run Build Command:"E:/mingw-w64/mingw64/bin/mingw32-make.exe" "cmTC_9eea5/fast"
E:/mingw-w64/mingw64/bin/mingw32-make.exe -f CMakeFiles\cmTC_9eea5.dir\build.make CMakeFiles/cmTC_9eea5.dir/build
mingw32-make.exe[1]: Entering directory 'e:/MyStudyFiles/yan1 2/CG1 TA/opengl-basic/3rdLibs/glfw-3.3.2/build/CMakeFiles/CMakeTmp'
Building C object CMakeFiles/cmTC_9eea5.dir/feature_tests.c.obj
cd /d "E:\MyStudyFiles\yan1 2\CG1 TA\opengl-basic\3rdLibs\glfw-3.3.2\build\CMakeFiles\CMakeTmp" && E:\mingw-w64\mingw64\bin\gcc.exe   -std=c99 -o CMakeFiles\cmTC_9eea5.dir\feature_tests.c.obj   -c "E:\MyStudyFiles\yan1 2\CG1 TA\opengl-basic\3rdLibs\glfw-3.3.2\build\CMakeFiles\feature_tests.c"
Linking C executable cmTC_9eea5.exe
cd /d "E:\MyStudyFiles\yan1 2\CG1 TA\opengl-basic\3rdLibs\glfw-3.3.2\build\CMakeFiles\CMakeTmp" && "C:\Program Files\CMake\bin\cmake.exe" -E cmake_link_script CMakeFiles\cmTC_9eea5.dir\link.txt --verbose=1
"C:\Program Files\CMake\bin\cmake.exe" -E remove -f CMakeFiles\cmTC_9eea5.dir/objects.a
E:\mingw-w64\mingw64\bin\ar.exe cr CMakeFiles\cmTC_9eea5.dir/objects.a @CMakeFiles\cmTC_9eea5.dir\objects1.rsp
E:\mingw-w64\mingw64\bin\gcc.exe      -Wl,--whole-archive CMakeFiles\cmTC_9eea5.dir/objects.a -Wl,--no-whole-archive  -o cmTC_9eea5.exe -Wl,--out-implib,libcmTC_9eea5.dll.a -Wl,--major-image-version,0,--minor-image-version,0 @CMakeFiles\cmTC_9eea5.dir\linklibs.rsp
mingw32-make.exe[1]: Leaving directory 'e:/MyStudyFiles/yan1 2/CG1 TA/opengl-basic/3rdLibs/glfw-3.3.2/build/CMakeFiles/CMakeTmp'


    Feature record: C_FEATURE:1c_function_prototypes
    Feature record: C_FEATURE:1c_restrict
    Feature record: C_FEATURE:0c_static_assert
    Feature record: C_FEATURE:1c_variadic_macros


Detecting C [-std=c90] compiler features compiled with the following output:
Change Dir: e:/MyStudyFiles/yan1 2/CG1 TA/opengl-basic/3rdLibs/glfw-3.3.2/build/CMakeFiles/CMakeTmp

Run Build Command:"E:/mingw-w64/mingw64/bin/mingw32-make.exe" "cmTC_05cbe/fast"
E:/mingw-w64/mingw64/bin/mingw32-make.exe -f CMakeFiles\cmTC_05cbe.dir\build.make CMakeFiles/cmTC_05cbe.dir/build
mingw32-make.exe[1]: Entering directory 'e:/MyStudyFiles/yan1 2/CG1 TA/opengl-basic/3rdLibs/glfw-3.3.2/build/CMakeFiles/CMakeTmp'
Building C object CMakeFiles/cmTC_05cbe.dir/feature_tests.c.obj
cd /d "E:\MyStudyFiles\yan1 2\CG1 TA\opengl-basic\3rdLibs\glfw-3.3.2\build\CMakeFiles\CMakeTmp" && E:\mingw-w64\mingw64\bin\gcc.exe   -std=c90 -o CMakeFiles\cmTC_05cbe.dir\feature_tests.c.obj   -c "E:\MyStudyFiles\yan1 2\CG1 TA\opengl-basic\3rdLibs\glfw-3.3.2\build\CMakeFiles\feature_tests.c"
Linking C executable cmTC_05cbe.exe
cd /d "E:\MyStudyFiles\yan1 2\CG1 TA\opengl-basic\3rdLibs\glfw-3.3.2\build\CMakeFiles\CMakeTmp" && "C:\Program Files\CMake\bin\cmake.exe" -E cmake_link_script CMakeFiles\cmTC_05cbe.dir\link.txt --verbose=1
"C:\Program Files\CMake\bin\cmake.exe" -E remove -f CMakeFiles\cmTC_05cbe.dir/objects.a
E:\mingw-w64\mingw64\bin\ar.exe cr CMakeFiles\cmTC_05cbe.dir/objects.a @CMakeFiles\cmTC_05cbe.dir\objects1.rsp
E:\mingw-w64\mingw64\bin\gcc.exe      -Wl,--whole-archive CMakeFiles\cmTC_05cbe.dir/objects.a -Wl,--no-whole-archive  -o cmTC_05cbe.exe -Wl,--out-implib,libcmTC_05cbe.dll.a -Wl,--major-image-version,0,--minor-image-version,0 @CMakeFiles\cmTC_05cbe.dir\linklibs.rsp
mingw32-make.exe[1]: Leaving directory 'e:/MyStudyFiles/yan1 2/CG1 TA/opengl-basic/3rdLibs/glfw-3.3.2/build/CMakeFiles/CMakeTmp'


    Feature record: C_FEATURE:1c_function_prototypes
    Feature record: C_FEATURE:0c_restrict
    Feature record: C_FEATURE:0c_static_assert
    Feature record: C_FEATURE:0c_variadic_macros
Determining if the include file pthread.h exists passed with the following output:
Change Dir: e:/MyStudyFiles/yan1 2/CG1 TA/opengl-basic/3rdLibs/glfw-3.3.2/build/CMakeFiles/CMakeTmp

Run Build Command:"E:/mingw-w64/mingw64/bin/mingw32-make.exe" "cmTC_c73dd/fast"
E:/mingw-w64/mingw64/bin/mingw32-make.exe -f CMakeFiles\cmTC_c73dd.dir\build.make CMakeFiles/cmTC_c73dd.dir/build
mingw32-make.exe[1]: Entering directory 'e:/MyStudyFiles/yan1 2/CG1 TA/opengl-basic/3rdLibs/glfw-3.3.2/build/CMakeFiles/CMakeTmp'
Building C object CMakeFiles/cmTC_c73dd.dir/CheckIncludeFile.c.obj
cd /d "E:\MyStudyFiles\yan1 2\CG1 TA\opengl-basic\3rdLibs\glfw-3.3.2\build\CMakeFiles\CMakeTmp" && E:\mingw-w64\mingw64\bin\gcc.exe    -o CMakeFiles\cmTC_c73dd.dir\CheckIncludeFile.c.obj   -c "E:\MyStudyFiles\yan1 2\CG1 TA\opengl-basic\3rdLibs\glfw-3.3.2\build\CMakeFiles\CMakeTmp\CheckIncludeFile.c"
Linking C executable cmTC_c73dd.exe
cd /d "E:\MyStudyFiles\yan1 2\CG1 TA\opengl-basic\3rdLibs\glfw-3.3.2\build\CMakeFiles\CMakeTmp" && "C:\Program Files\CMake\bin\cmake.exe" -E cmake_link_script CMakeFiles\cmTC_c73dd.dir\link.txt --verbose=1
"C:\Program Files\CMake\bin\cmake.exe" -E remove -f CMakeFiles\cmTC_c73dd.dir/objects.a
E:\mingw-w64\mingw64\bin\ar.exe cr CMakeFiles\cmTC_c73dd.dir/objects.a @CMakeFiles\cmTC_c73dd.dir\objects1.rsp
E:\mingw-w64\mingw64\bin\gcc.exe      -Wl,--whole-archive CMakeFiles\cmTC_c73dd.dir/objects.a -Wl,--no-whole-archive  -o cmTC_c73dd.exe -Wl,--out-implib,libcmTC_c73dd.dll.a -Wl,--major-image-version,0,--minor-image-version,0 @CMakeFiles\cmTC_c73dd.dir\linklibs.rsp
mingw32-make.exe[1]: Leaving directory 'e:/MyStudyFiles/yan1 2/CG1 TA/opengl-basic/3rdLibs/glfw-3.3.2/build/CMakeFiles/CMakeTmp'


Determining if the pthread_create exist passed with the following output:
Change Dir: e:/MyStudyFiles/yan1 2/CG1 TA/opengl-basic/3rdLibs/glfw-3.3.2/build/CMakeFiles/CMakeTmp

Run Build Command:"E:/mingw-w64/mingw64/bin/mingw32-make.exe" "cmTC_2f647/fast"
E:/mingw-w64/mingw64/bin/mingw32-make.exe -f CMakeFiles\cmTC_2f647.dir\build.make CMakeFiles/cmTC_2f647.dir/build
mingw32-make.exe[1]: Entering directory 'e:/MyStudyFiles/yan1 2/CG1 TA/opengl-basic/3rdLibs/glfw-3.3.2/build/CMakeFiles/CMakeTmp'
Building C object CMakeFiles/cmTC_2f647.dir/CheckSymbolExists.c.obj
cd /d "E:\MyStudyFiles\yan1 2\CG1 TA\opengl-basic\3rdLibs\glfw-3.3.2\build\CMakeFiles\CMakeTmp" && E:\mingw-w64\mingw64\bin\gcc.exe    -o CMakeFiles\cmTC_2f647.dir\CheckSymbolExists.c.obj   -c "E:\MyStudyFiles\yan1 2\CG1 TA\opengl-basic\3rdLibs\glfw-3.3.2\build\CMakeFiles\CMakeTmp\CheckSymbolExists.c"
Linking C executable cmTC_2f647.exe
cd /d "E:\MyStudyFiles\yan1 2\CG1 TA\opengl-basic\3rdLibs\glfw-3.3.2\build\CMakeFiles\CMakeTmp" && "C:\Program Files\CMake\bin\cmake.exe" -E cmake_link_script CMakeFiles\cmTC_2f647.dir\link.txt --verbose=1
"C:\Program Files\CMake\bin\cmake.exe" -E remove -f CMakeFiles\cmTC_2f647.dir/objects.a
E:\mingw-w64\mingw64\bin\ar.exe cr CMakeFiles\cmTC_2f647.dir/objects.a @CMakeFiles\cmTC_2f647.dir\objects1.rsp
E:\mingw-w64\mingw64\bin\gcc.exe      -Wl,--whole-archive CMakeFiles\cmTC_2f647.dir/objects.a -Wl,--no-whole-archive  -o cmTC_2f647.exe -Wl,--out-implib,libcmTC_2f647.dll.a -Wl,--major-image-version,0,--minor-image-version,0 @CMakeFiles\cmTC_2f647.dir\linklibs.rsp
mingw32-make.exe[1]: Leaving directory 'e:/MyStudyFiles/yan1 2/CG1 TA/opengl-basic/3rdLibs/glfw-3.3.2/build/CMakeFiles/CMakeTmp'

File e:/MyStudyFiles/yan1 2/CG1 TA/opengl-basic/3rdLibs/glfw-3.3.2/build/CMakeFiles/CMakeTmp/CheckSymbolExists.c:
/* */
#include <pthread.h>

int main(int argc, char** argv)
{
  (void)argv;
#ifndef pthread_create
  return ((int*)(&pthread_create))[argc];
#else
  (void)argc;
  return 0;
#endif
}

Determining if the include file dinput.h exists passed with the following output:
Change Dir: e:/MyStudyFiles/yan1 2/CG1 TA/opengl-basic/3rdLibs/glfw-3.3.2/build/CMakeFiles/CMakeTmp

Run Build Command:"E:/mingw-w64/mingw64/bin/mingw32-make.exe" "cmTC_7fab4/fast"
E:/mingw-w64/mingw64/bin/mingw32-make.exe -f CMakeFiles\cmTC_7fab4.dir\build.make CMakeFiles/cmTC_7fab4.dir/build
mingw32-make.exe[1]: Entering directory 'e:/MyStudyFiles/yan1 2/CG1 TA/opengl-basic/3rdLibs/glfw-3.3.2/build/CMakeFiles/CMakeTmp'
Building C object CMakeFiles/cmTC_7fab4.dir/CheckIncludeFile.c.obj
cd /d "E:\MyStudyFiles\yan1 2\CG1 TA\opengl-basic\3rdLibs\glfw-3.3.2\build\CMakeFiles\CMakeTmp" && E:\mingw-w64\mingw64\bin\gcc.exe    -o CMakeFiles\cmTC_7fab4.dir\CheckIncludeFile.c.obj   -c "E:\MyStudyFiles\yan1 2\CG1 TA\opengl-basic\3rdLibs\glfw-3.3.2\build\CMakeFiles\CMakeTmp\CheckIncludeFile.c"
Linking C executable cmTC_7fab4.exe
cd /d "E:\MyStudyFiles\yan1 2\CG1 TA\opengl-basic\3rdLibs\glfw-3.3.2\build\CMakeFiles\CMakeTmp" && "C:\Program Files\CMake\bin\cmake.exe" -E cmake_link_script CMakeFiles\cmTC_7fab4.dir\link.txt --verbose=1
"C:\Program Files\CMake\bin\cmake.exe" -E remove -f CMakeFiles\cmTC_7fab4.dir/objects.a
E:\mingw-w64\mingw64\bin\ar.exe cr CMakeFiles\cmTC_7fab4.dir/objects.a @CMakeFiles\cmTC_7fab4.dir\objects1.rsp
E:\mingw-w64\mingw64\bin\gcc.exe      -Wl,--whole-archive CMakeFiles\cmTC_7fab4.dir/objects.a -Wl,--no-whole-archive  -o cmTC_7fab4.exe -Wl,--out-implib,libcmTC_7fab4.dll.a -Wl,--major-image-version,0,--minor-image-version,0 @CMakeFiles\cmTC_7fab4.dir\linklibs.rsp
mingw32-make.exe[1]: Leaving directory 'e:/MyStudyFiles/yan1 2/CG1 TA/opengl-basic/3rdLibs/glfw-3.3.2/build/CMakeFiles/CMakeTmp'


Determining if the include file xinput.h exists passed with the following output:
Change Dir: e:/MyStudyFiles/yan1 2/CG1 TA/opengl-basic/3rdLibs/glfw-3.3.2/build/CMakeFiles/CMakeTmp

Run Build Command:"E:/mingw-w64/mingw64/bin/mingw32-make.exe" "cmTC_ed94a/fast"
E:/mingw-w64/mingw64/bin/mingw32-make.exe -f CMakeFiles\cmTC_ed94a.dir\build.make CMakeFiles/cmTC_ed94a.dir/build
mingw32-make.exe[1]: Entering directory 'e:/MyStudyFiles/yan1 2/CG1 TA/opengl-basic/3rdLibs/glfw-3.3.2/build/CMakeFiles/CMakeTmp'
Building C object CMakeFiles/cmTC_ed94a.dir/CheckIncludeFile.c.obj
cd /d "E:\MyStudyFiles\yan1 2\CG1 TA\opengl-basic\3rdLibs\glfw-3.3.2\build\CMakeFiles\CMakeTmp" && E:\mingw-w64\mingw64\bin\gcc.exe    -o CMakeFiles\cmTC_ed94a.dir\CheckIncludeFile.c.obj   -c "E:\MyStudyFiles\yan1 2\CG1 TA\opengl-basic\3rdLibs\glfw-3.3.2\build\CMakeFiles\CMakeTmp\CheckIncludeFile.c"
Linking C executable cmTC_ed94a.exe
cd /d "E:\MyStudyFiles\yan1 2\CG1 TA\opengl-basic\3rdLibs\glfw-3.3.2\build\CMakeFiles\CMakeTmp" && "C:\Program Files\CMake\bin\cmake.exe" -E cmake_link_script CMakeFiles\cmTC_ed94a.dir\link.txt --verbose=1
"C:\Program Files\CMake\bin\cmake.exe" -E remove -f CMakeFiles\cmTC_ed94a.dir/objects.a
E:\mingw-w64\mingw64\bin\ar.exe cr CMakeFiles\cmTC_ed94a.dir/objects.a @CMakeFiles\cmTC_ed94a.dir\objects1.rsp
E:\mingw-w64\mingw64\bin\gcc.exe      -Wl,--whole-archive CMakeFiles\cmTC_ed94a.dir/objects.a -Wl,--no-whole-archive  -o cmTC_ed94a.exe -Wl,--out-implib,libcmTC_ed94a.dll.a -Wl,--major-image-version,0,--minor-image-version,0 @CMakeFiles\cmTC_ed94a.dir\linklibs.rsp
mingw32-make.exe[1]: Leaving directory 'e:/MyStudyFiles/yan1 2/CG1 TA/opengl-basic/3rdLibs/glfw-3.3.2/build/CMakeFiles/CMakeTmp'


Performing C SOURCE FILE Test _GLFW_HAS_DEP succeeded with the following output:
Change Dir: e:/MyStudyFiles/yan1 2/CG1 TA/opengl-basic/3rdLibs/glfw-3.3.2/build/CMakeFiles/CMakeTmp

Run Build Command:"E:/mingw-w64/mingw64/bin/mingw32-make.exe" "cmTC_ec041/fast"
E:/mingw-w64/mingw64/bin/mingw32-make.exe -f CMakeFiles\cmTC_ec041.dir\build.make CMakeFiles/cmTC_ec041.dir/build
mingw32-make.exe[1]: Entering directory 'e:/MyStudyFiles/yan1 2/CG1 TA/opengl-basic/3rdLibs/glfw-3.3.2/build/CMakeFiles/CMakeTmp'
Building C object CMakeFiles/cmTC_ec041.dir/src.c.obj
cd /d "E:\MyStudyFiles\yan1 2\CG1 TA\opengl-basic\3rdLibs\glfw-3.3.2\build\CMakeFiles\CMakeTmp" && E:\mingw-w64\mingw64\bin\gcc.exe   -D_GLFW_HAS_DEP -Wl,--nxcompat   -o CMakeFiles\cmTC_ec041.dir\src.c.obj   -c "E:\MyStudyFiles\yan1 2\CG1 TA\opengl-basic\3rdLibs\glfw-3.3.2\build\CMakeFiles\CMakeTmp\src.c"
Linking C executable cmTC_ec041.exe
cd /d "E:\MyStudyFiles\yan1 2\CG1 TA\opengl-basic\3rdLibs\glfw-3.3.2\build\CMakeFiles\CMakeTmp" && "C:\Program Files\CMake\bin\cmake.exe" -E cmake_link_script CMakeFiles\cmTC_ec041.dir\link.txt --verbose=1
"C:\Program Files\CMake\bin\cmake.exe" -E remove -f CMakeFiles\cmTC_ec041.dir/objects.a
E:\mingw-w64\mingw64\bin\ar.exe cr CMakeFiles\cmTC_ec041.dir/objects.a @CMakeFiles\cmTC_ec041.dir\objects1.rsp
E:\mingw-w64\mingw64\bin\gcc.exe  -D_GLFW_HAS_DEP -Wl,--nxcompat    -Wl,--whole-archive CMakeFiles\cmTC_ec041.dir/objects.a -Wl,--no-whole-archive  -o cmTC_ec041.exe -Wl,--out-implib,libcmTC_ec041.dll.a -Wl,--major-image-version,0,--minor-image-version,0 @CMakeFiles\cmTC_ec041.dir\linklibs.rsp
mingw32-make.exe[1]: Leaving directory 'e:/MyStudyFiles/yan1 2/CG1 TA/opengl-basic/3rdLibs/glfw-3.3.2/build/CMakeFiles/CMakeTmp'

Source file was:
int main(void) { return 0; }
Performing C SOURCE FILE Test _GLFW_HAS_ASLR succeeded with the following output:
Change Dir: e:/MyStudyFiles/yan1 2/CG1 TA/opengl-basic/3rdLibs/glfw-3.3.2/build/CMakeFiles/CMakeTmp

Run Build Command:"E:/mingw-w64/mingw64/bin/mingw32-make.exe" "cmTC_4a02b/fast"
E:/mingw-w64/mingw64/bin/mingw32-make.exe -f CMakeFiles\cmTC_4a02b.dir\build.make CMakeFiles/cmTC_4a02b.dir/build
mingw32-make.exe[1]: Entering directory 'e:/MyStudyFiles/yan1 2/CG1 TA/opengl-basic/3rdLibs/glfw-3.3.2/build/CMakeFiles/CMakeTmp'
Building C object CMakeFiles/cmTC_4a02b.dir/src.c.obj
cd /d "E:\MyStudyFiles\yan1 2\CG1 TA\opengl-basic\3rdLibs\glfw-3.3.2\build\CMakeFiles\CMakeTmp" && E:\mingw-w64\mingw64\bin\gcc.exe   -D_GLFW_HAS_ASLR -Wl,--dynamicbase   -o CMakeFiles\cmTC_4a02b.dir\src.c.obj   -c "E:\MyStudyFiles\yan1 2\CG1 TA\opengl-basic\3rdLibs\glfw-3.3.2\build\CMakeFiles\CMakeTmp\src.c"
Linking C executable cmTC_4a02b.exe
cd /d "E:\MyStudyFiles\yan1 2\CG1 TA\opengl-basic\3rdLibs\glfw-3.3.2\build\CMakeFiles\CMakeTmp" && "C:\Program Files\CMake\bin\cmake.exe" -E cmake_link_script CMakeFiles\cmTC_4a02b.dir\link.txt --verbose=1
"C:\Program Files\CMake\bin\cmake.exe" -E remove -f CMakeFiles\cmTC_4a02b.dir/objects.a
E:\mingw-w64\mingw64\bin\ar.exe cr CMakeFiles\cmTC_4a02b.dir/objects.a @CMakeFiles\cmTC_4a02b.dir\objects1.rsp
E:\mingw-w64\mingw64\bin\gcc.exe  -D_GLFW_HAS_ASLR -Wl,--dynamicbase    -Wl,--whole-archive CMakeFiles\cmTC_4a02b.dir/objects.a -Wl,--no-whole-archive  -o cmTC_4a02b.exe -Wl,--out-implib,libcmTC_4a02b.dll.a -Wl,--major-image-version,0,--minor-image-version,0 @CMakeFiles\cmTC_4a02b.dir\linklibs.rsp
mingw32-make.exe[1]: Leaving directory 'e:/MyStudyFiles/yan1 2/CG1 TA/opengl-basic/3rdLibs/glfw-3.3.2/build/CMakeFiles/CMakeTmp'

Source file was:
int main(void) { return 0; }
Performing C SOURCE FILE Test _GLFW_HAS_64ASLR succeeded with the following output:
Change Dir: e:/MyStudyFiles/yan1 2/CG1 TA/opengl-basic/3rdLibs/glfw-3.3.2/build/CMakeFiles/CMakeTmp

Run Build Command:"E:/mingw-w64/mingw64/bin/mingw32-make.exe" "cmTC_08789/fast"
E:/mingw-w64/mingw64/bin/mingw32-make.exe -f CMakeFiles\cmTC_08789.dir\build.make CMakeFiles/cmTC_08789.dir/build
mingw32-make.exe[1]: Entering directory 'e:/MyStudyFiles/yan1 2/CG1 TA/opengl-basic/3rdLibs/glfw-3.3.2/build/CMakeFiles/CMakeTmp'
Building C object CMakeFiles/cmTC_08789.dir/src.c.obj
cd /d "E:\MyStudyFiles\yan1 2\CG1 TA\opengl-basic\3rdLibs\glfw-3.3.2\build\CMakeFiles\CMakeTmp" && E:\mingw-w64\mingw64\bin\gcc.exe   -D_GLFW_HAS_64ASLR -Wl,--high-entropy-va   -o CMakeFiles\cmTC_08789.dir\src.c.obj   -c "E:\MyStudyFiles\yan1 2\CG1 TA\opengl-basic\3rdLibs\glfw-3.3.2\build\CMakeFiles\CMakeTmp\src.c"
Linking C executable cmTC_08789.exe
cd /d "E:\MyStudyFiles\yan1 2\CG1 TA\opengl-basic\3rdLibs\glfw-3.3.2\build\CMakeFiles\CMakeTmp" && "C:\Program Files\CMake\bin\cmake.exe" -E cmake_link_script CMakeFiles\cmTC_08789.dir\link.txt --verbose=1
"C:\Program Files\CMake\bin\cmake.exe" -E remove -f CMakeFiles\cmTC_08789.dir/objects.a
E:\mingw-w64\mingw64\bin\ar.exe cr CMakeFiles\cmTC_08789.dir/objects.a @CMakeFiles\cmTC_08789.dir\objects1.rsp
E:\mingw-w64\mingw64\bin\gcc.exe  -D_GLFW_HAS_64ASLR -Wl,--high-entropy-va    -Wl,--whole-archive CMakeFiles\cmTC_08789.dir/objects.a -Wl,--no-whole-archive  -o cmTC_08789.exe -Wl,--out-implib,libcmTC_08789.dll.a -Wl,--major-image-version,0,--minor-image-version,0 @CMakeFiles\cmTC_08789.dir\linklibs.rsp
mingw32-make.exe[1]: Leaving directory 'e:/MyStudyFiles/yan1 2/CG1 TA/opengl-basic/3rdLibs/glfw-3.3.2/build/CMakeFiles/CMakeTmp'

Source file was:
int main(void) { return 0; }
